<?xml version="1.0" encoding="UTF-8"?>
<!-- Generated by org.testng.reporters.JUnitReportReporter -->
<testsuite hostname="DESKTOP-JRH31QL" name="testpages.LoginPageTest" tests="3" failures="0" timestamp="13 Aug 2020 06:10:20 GMT" time="47.523" errors="0">
  <testcase name="signInTest" time="18.260" classname="testpages.LoginPageTest"/>
  <testcase name="loginPageTitleTest" time="14.652" classname="testpages.LoginPageTest"/>
  <testcase name="webSiteImageLogoTest" time="14.611" classname="testpages.LoginPageTest"/>
</testsuite> <!-- testpages.LoginPageTest -->
