<?xml version="1.0" encoding="UTF-8"?>
<!-- Generated by org.testng.reporters.JUnitReportReporter -->
<testsuite hostname="DESKTOP-JRH31QL" name="testpages.SignInPageTest" tests="7" failures="0" timestamp="14 Aug 2020 09:24:08 GMT" time="140.850" errors="0">
  <testcase name="signInTest" time="22.645" classname="testpages.SignInPageTest"/>
  <testcase name="webSiteImageLogoTest" time="17.875" classname="testpages.SignInPageTest"/>
  <testcase name="verifyWelcomeToSignInPageTextTest" time="19.633" classname="testpages.SignInPageTest"/>
  <testcase name="signInTest" time="21.942" classname="testpages.SignInPageTest"/>
  <testcase name="signInTest" time="20.576" classname="testpages.SignInPageTest"/>
  <testcase name="signInPageTitleTest" time="16.968" classname="testpages.SignInPageTest"/>
  <testcase name="signInTest" time="21.211" classname="testpages.SignInPageTest"/>
</testsuite> <!-- testpages.SignInPageTest -->
